fhemswitch/build/outputs/logs/manifest-merger-release-report.txt
-- Merging decision tree log ---
manifest
ADDED from src\main\AndroidManifest.xml:2:1-113:12
	package
		ADDED from src\main\AndroidManifest.xml:3:5-39
		INJECTED from src\main\AndroidManifest.xml
		INJECTED from src\main\AndroidManifest.xml
	android:versionName
		INJECTED from src\main\AndroidManifest.xml
		INJECTED from src\main\AndroidManifest.xml
	xmlns:android
		ADDED from src\main\AndroidManifest.xml:2:11-69
	android:versionCode
		INJECTED from src\main\AndroidManifest.xml
		INJECTED from src\main\AndroidManifest.xml
uses-permission#android.permission.INTERNET
ADDED from src\main\AndroidManifest.xml:7:5-67
	android:name
		ADDED from src\main\AndroidManifest.xml:7:22-64
uses-permission#com.android.vending.BILLING
ADDED from src\main\AndroidManifest.xml:8:5-67
	android:name
		ADDED from src\main\AndroidManifest.xml:8:22-64
uses-permission#android.permission.ACCESS_NETWORK_STATE
ADDED from src\main\AndroidManifest.xml:9:2-76
	android:name
		ADDED from src\main\AndroidManifest.xml:9:19-73
application
ADDED from src\main\AndroidManifest.xml:11:5-111:19
MERGED from [com.android.support:support-v4:24.2.1] AndroidManifest.xml:25:5-20
MERGED from [com.android.support:support-compat:24.2.1] AndroidManifest.xml:25:5-20
MERGED from [com.android.support:support-media-compat:24.2.1] AndroidManifest.xml:25:5-20
MERGED from [com.android.support:support-core-utils:24.2.1] AndroidManifest.xml:25:5-20
MERGED from [com.android.support:support-core-ui:24.2.1] AndroidManifest.xml:25:5-20
MERGED from [com.android.support:support-fragment:24.2.1] AndroidManifest.xml:25:5-20
	android:label
		ADDED from src\main\AndroidManifest.xml:15:9-44
	android:supportsRtl
		ADDED from src\main\AndroidManifest.xml:16:9-35
	android:fullBackupContent
		ADDED from src\main\AndroidManifest.xml:13:9-41
	android:allowBackup
		ADDED from src\main\AndroidManifest.xml:12:9-35
	android:icon
		ADDED from src\main\AndroidManifest.xml:14:9-39
	android:theme
		ADDED from src\main\AndroidManifest.xml:17:9-40
activity#de.fehngarten.fhemswitch.ConfigMain
ADDED from src\main\AndroidManifest.xml:18:9-41:20
	android:label
		ADDED from src\main\AndroidManifest.xml:21:13-48
	android:icon
		ADDED from src\main\AndroidManifest.xml:20:13-43
	android:name
		ADDED from src\main\AndroidManifest.xml:19:13-63
intent-filter#android.appwidget.action.APPWIDGET_CONFIGURE+android.intent.action.MAIN+android.intent.category.LAUNCHER
ADDED from src\main\AndroidManifest.xml:22:13-26:29
action#android.appwidget.action.APPWIDGET_CONFIGURE
ADDED from src\main\AndroidManifest.xml:23:17-87
	android:name
		ADDED from src\main\AndroidManifest.xml:23:25-84
action#android.intent.action.MAIN
ADDED from src\main\AndroidManifest.xml:24:17-69
	android:name
		ADDED from src\main\AndroidManifest.xml:24:25-66
category#android.intent.category.LAUNCHER
ADDED from src\main\AndroidManifest.xml:25:17-77
	android:name
		ADDED from src\main\AndroidManifest.xml:25:27-74
intent-filter#android.intent.action.VIEW+android.intent.category.BROWSABLE+android.intent.category.DEFAULT
ADDED from src\main\AndroidManifest.xml:29:13-40:29
action#android.intent.action.VIEW
ADDED from src\main\AndroidManifest.xml:30:17-69
	android:name
		ADDED from src\main\AndroidManifest.xml:30:25-66
category#android.intent.category.DEFAULT
ADDED from src\main\AndroidManifest.xml:32:17-76
	android:name
		ADDED from src\main\AndroidManifest.xml:32:27-73
category#android.intent.category.BROWSABLE
ADDED from src\main\AndroidManifest.xml:33:17-78
	android:name
		ADDED from src\main\AndroidManifest.xml:33:27-75
data
ADDED from src\main\AndroidManifest.xml:36:17-39:46
	android:host
		ADDED from src\main\AndroidManifest.xml:37:21-46
	android:scheme
		ADDED from src\main\AndroidManifest.xml:39:21-43
	android:pathPrefix
		ADDED from src\main\AndroidManifest.xml:38:21-61
activity#de.fehngarten.fhemswitch.Donate
ADDED from src\main\AndroidManifest.xml:43:9-46:20
	android:label
		ADDED from src\main\AndroidManifest.xml:45:13-48
	android:name
		ADDED from src\main\AndroidManifest.xml:44:13-59
receiver#de.fehngarten.fhemswitch.WidgetProvider
ADDED from src\main\AndroidManifest.xml:48:9-59:20
	android:label
		ADDED from src\main\AndroidManifest.xml:51:13-48
	android:icon
		ADDED from src\main\AndroidManifest.xml:50:13-49
	android:name
		ADDED from src\main\AndroidManifest.xml:49:13-67
intent-filter#android.appwidget.action.APPWIDGET_UPDATE
ADDED from src\main\AndroidManifest.xml:52:13-54:29
action#android.appwidget.action.APPWIDGET_UPDATE
ADDED from src\main\AndroidManifest.xml:53:17-84
	android:name
		ADDED from src\main\AndroidManifest.xml:53:25-81
meta-data#android.appwidget.provider
ADDED from src\main\AndroidManifest.xml:56:13-58:55
	android:resource
		ADDED from src\main\AndroidManifest.xml:58:17-52
	android:name
		ADDED from src\main\AndroidManifest.xml:57:17-58
service#de.fehngarten.fhemswitch.WidgetService
ADDED from src\main\AndroidManifest.xml:69:9-70:19
	android:name
		ADDED from src\main\AndroidManifest.xml:69:18-71
service#de.fehngarten.fhemswitch.SwitchesService0
ADDED from src\main\AndroidManifest.xml:71:9-74:19
	android:permission
		ADDED from src\main\AndroidManifest.xml:73:13-69
	android:name
		ADDED from src\main\AndroidManifest.xml:72:13-69
service#de.fehngarten.fhemswitch.SwitchesService1
ADDED from src\main\AndroidManifest.xml:75:9-78:19
	android:permission
		ADDED from src\main\AndroidManifest.xml:77:13-69
	android:name
		ADDED from src\main\AndroidManifest.xml:76:13-69
service#de.fehngarten.fhemswitch.SwitchesService2
ADDED from src\main\AndroidManifest.xml:79:9-82:19
	android:permission
		ADDED from src\main\AndroidManifest.xml:81:13-69
	android:name
		ADDED from src\main\AndroidManifest.xml:80:13-69
service#de.fehngarten.fhemswitch.LightScenesService
ADDED from src\main\AndroidManifest.xml:83:9-86:19
	android:permission
		ADDED from src\main\AndroidManifest.xml:85:13-69
	android:name
		ADDED from src\main\AndroidManifest.xml:84:13-71
service#de.fehngarten.fhemswitch.ValuesService0
ADDED from src\main\AndroidManifest.xml:87:9-90:19
	android:permission
		ADDED from src\main\AndroidManifest.xml:89:13-69
	android:name
		ADDED from src\main\AndroidManifest.xml:88:13-67
service#de.fehngarten.fhemswitch.ValuesService1
ADDED from src\main\AndroidManifest.xml:91:9-94:19
	android:permission
		ADDED from src\main\AndroidManifest.xml:93:13-69
	android:name
		ADDED from src\main\AndroidManifest.xml:92:13-67
service#de.fehngarten.fhemswitch.ValuesService2
ADDED from src\main\AndroidManifest.xml:95:9-98:19
	android:permission
		ADDED from src\main\AndroidManifest.xml:97:13-69
	android:name
		ADDED from src\main\AndroidManifest.xml:96:13-67
service#de.fehngarten.fhemswitch.CommandsService0
ADDED from src\main\AndroidManifest.xml:99:9-102:19
	android:permission
		ADDED from src\main\AndroidManifest.xml:101:13-69
	android:name
		ADDED from src\main\AndroidManifest.xml:100:13-69
service#de.fehngarten.fhemswitch.CommandsService1
ADDED from src\main\AndroidManifest.xml:103:9-106:19
	android:permission
		ADDED from src\main\AndroidManifest.xml:105:13-69
	android:name
		ADDED from src\main\AndroidManifest.xml:104:13-69
service#de.fehngarten.fhemswitch.CommandsService2
ADDED from src\main\AndroidManifest.xml:107:9-110:19
	android:permission
		ADDED from src\main\AndroidManifest.xml:109:13-69
	android:name
		ADDED from src\main\AndroidManifest.xml:108:13-69
uses-sdk
INJECTED from src\main\AndroidManifest.xml reason: use-sdk injection requested
MERGED from [asia.ivity.android:drag-sort-listview:1.0] AndroidManifest.xml:6:5-7:35
MERGED from [com.android.support:support-v4:24.2.1] AndroidManifest.xml:21:5-23:54
MERGED from [com.android.support:support-compat:24.2.1] AndroidManifest.xml:21:5-23:58
MERGED from [com.android.support:support-media-compat:24.2.1] AndroidManifest.xml:21:5-23:63
MERGED from [com.android.support:support-core-utils:24.2.1] AndroidManifest.xml:21:5-23:61
MERGED from [com.android.support:support-core-ui:24.2.1] AndroidManifest.xml:21:5-23:58
MERGED from [com.android.support:support-fragment:24.2.1] AndroidManifest.xml:21:5-23:60
	tools:overrideLibrary
		ADDED from [com.android.support:support-v4:24.2.1] AndroidManifest.xml:23:9-51
	android:targetSdkVersion
		INJECTED from src\main\AndroidManifest.xml
		INJECTED from src\main\AndroidManifest.xml
	android:minSdkVersion
		INJECTED from src\main\AndroidManifest.xml
		INJECTED from src\main\AndroidManifest.xml